<?xml version="1.0" encoding="UTF-8"?>
<testsuite name="my.id.kentoes.rsudajibarangapp.core.datastore.TokenManagerTest" tests="10" skipped="0" failures="0" errors="0" timestamp="2026-07-26T17:03:28.408Z" hostname="kentoes-IdeaPad-3-14IAU7" time="1.199">
  <properties/>
  <testcase name="getAccessToken returns null when no token saved" classname="my.id.kentoes.rsudajibarangapp.core.datastore.TokenManagerTest" time="1.132"/>
  <testcase name="isLoggedIn returns true after saveTokens" classname="my.id.kentoes.rsudajibarangapp.core.datastore.TokenManagerTest" time="0.015"/>
  <testcase name="getAccessToken returns token after saveTokens" classname="my.id.kentoes.rsudajibarangapp.core.datastore.TokenManagerTest" time="0.004"/>
  <testcase name="clearTokens resets access and refresh to null" classname="my.id.kentoes.rsudajibarangapp.core.datastore.TokenManagerTest" time="0.005"/>
  <testcase name="saveTokens with blank token returns null on getAccessToken" classname="my.id.kentoes.rsudajibarangapp.core.datastore.TokenManagerTest" time="0.005"/>
  <testcase name="getRefreshToken returns token after saveTokens" classname="my.id.kentoes.rsudajibarangapp.core.datastore.TokenManagerTest" time="0.005"/>
  <testcase name="multiple saveTokens overwrites previous values" classname="my.id.kentoes.rsudajibarangapp.core.datastore.TokenManagerTest" time="0.004"/>
  <testcase name="isLoggedIn returns false when no token" classname="my.id.kentoes.rsudajibarangapp.core.datastore.TokenManagerTest" time="0.004"/>
  <testcase name="saveTokens calls updateData on DataStore" classname="my.id.kentoes.rsudajibarangapp.core.datastore.TokenManagerTest" time="0.011"/>
  <testcase name="clearTokens calls updateData on DataStore" classname="my.id.kentoes.rsudajibarangapp.core.datastore.TokenManagerTest" time="0.006"/>
  <system-out><![CDATA[]]></system-out>
  <system-err><![CDATA[WARNING: A Java agent has been loaded dynamically (/home/kentoes/.gradle/caches/modules-2/files-2.1/net.bytebuddy/byte-buddy-agent/1.14.17/e3c251a39dc90badaf71c83427ba46840f219d8d/byte-buddy-agent-1.14.17.jar)
WARNING: If a serviceability tool is in use, please run with -XX:+EnableDynamicAgentLoading to hide this warning
WARNING: If a serviceability tool is not in use, please run with -Djdk.instrument.traceUsage for more information
WARNING: Dynamic loading of agents will be disallowed by default in a future release
]]></system-err>
</testsuite>
