<?xml version="1.0" encoding="UTF-8"?>
<testsuite name="my.id.kentoes.rsudajibarangapp.sync.SyncWorkerTest" tests="3" skipped="0" failures="0" errors="0" timestamp="2026-07-26T17:40:15.773Z" hostname="kentoes-IdeaPad-3-14IAU7" time="0.0">
  <properties/>
  <testcase name="NOTIFICATION_ID constant is 1001" classname="my.id.kentoes.rsudajibarangapp.sync.SyncWorkerTest" time="0.0"/>
  <testcase name="WORK_NAME constant is sync_inspection" classname="my.id.kentoes.rsudajibarangapp.sync.SyncWorkerTest" time="0.0"/>
  <testcase name="NOTIFICATION_CHANNEL_ID constant is sync_channel" classname="my.id.kentoes.rsudajibarangapp.sync.SyncWorkerTest" time="0.0"/>
  <system-out><![CDATA[]]></system-out>
  <system-err><![CDATA[]]></system-err>
</testsuite>
