<?xml version="1.0" encoding="UTF-8"?>
<testsuite name="my.id.kentoes.rsudajibarangapp.master.MasterDataViewModelTest" tests="12" skipped="0" failures="0" errors="0" timestamp="2026-07-26T17:40:15.236Z" hostname="kentoes-IdeaPad-3-14IAU7" time="0.16">
  <properties/>
  <testcase name="refresh updates syncMessage on completion" classname="my.id.kentoes.rsudajibarangapp.master.MasterDataViewModelTest" time="0.085"/>
  <testcase name="init triggers syncFromApi when cache is empty" classname="my.id.kentoes.rsudajibarangapp.master.MasterDataViewModelTest" time="0.012"/>
  <testcase name="sync failure sets syncMessage with error" classname="my.id.kentoes.rsudajibarangapp.master.MasterDataViewModelTest" time="0.008"/>
  <testcase name="init sets isLoading false when cache is available and no sync needed" classname="my.id.kentoes.rsudajibarangapp.master.MasterDataViewModelTest" time="0.005"/>
  <testcase name="init loads items and rooms from repository flows" classname="my.id.kentoes.rsudajibarangapp.master.MasterDataViewModelTest" time="0.007"/>
  <testcase name="init does not syncFromApi when cache is available" classname="my.id.kentoes.rsudajibarangapp.master.MasterDataViewModelTest" time="0.007"/>
  <testcase name="sync sets isSyncing true during operation then false after" classname="my.id.kentoes.rsudajibarangapp.master.MasterDataViewModelTest" time="0.005"/>
  <testcase name="refresh triggers syncFromApi once" classname="my.id.kentoes.rsudajibarangapp.master.MasterDataViewModelTest" time="0.007"/>
  <testcase name="clearSyncMessage does not affect other state fields" classname="my.id.kentoes.rsudajibarangapp.master.MasterDataViewModelTest" time="0.006"/>
  <testcase name="init handles empty items gracefully" classname="my.id.kentoes.rsudajibarangapp.master.MasterDataViewModelTest" time="0.006"/>
  <testcase name="clearSyncMessage clears syncMessage to null" classname="my.id.kentoes.rsudajibarangapp.master.MasterDataViewModelTest" time="0.006"/>
  <testcase name="init groups items by kategori" classname="my.id.kentoes.rsudajibarangapp.master.MasterDataViewModelTest" time="0.005"/>
  <system-out><![CDATA[]]></system-out>
  <system-err><![CDATA[]]></system-err>
</testsuite>
